app/build/outputs/logs/manifest-merger-debug-report.txt
-- Merging decision tree log ---
manifest
ADDED from src\main\AndroidManifest.xml:2:1-34:12
	xmlns:android
		ADDED from src\main\AndroidManifest.xml:2:11-69
	package
		ADDED from src\main\AndroidManifest.xml:3:5-37
		INJECTED from src\main\AndroidManifest.xml
		INJECTED from src\main\AndroidManifest.xml
	android:versionName
		INJECTED from src\main\AndroidManifest.xml
		INJECTED from src\main\AndroidManifest.xml
	android:versionCode
		INJECTED from src\main\AndroidManifest.xml
		INJECTED from src\main\AndroidManifest.xml
uses-permission#android.permission.INTERNET
ADDED from src\main\AndroidManifest.xml:5:5-66
	android:name
		ADDED from src\main\AndroidManifest.xml:5:22-64
application
ADDED from src\main\AndroidManifest.xml:7:5-32:19
MERGED from [com.android.support:appcompat-v7:22.2.0] AndroidManifest.xml:22:5-20
MERGED from [com.android.support:support-v4:22.2.0] AndroidManifest.xml:22:5-20
	android:label
		ADDED from src\main\AndroidManifest.xml:10:9-41
	android:allowBackup
		ADDED from src\main\AndroidManifest.xml:8:9-35
	android:icon
		ADDED from src\main\AndroidManifest.xml:9:9-47
	android:theme
		ADDED from src\main\AndroidManifest.xml:11:9-40
activity#com.discover.yahoohack.MainActivity
ADDED from src\main\AndroidManifest.xml:12:9-23:20
	android:label
		ADDED from src\main\AndroidManifest.xml:14:13-45
	android:icon
		ADDED from src\main\AndroidManifest.xml:15:13-51
	android:name
		ADDED from src\main\AndroidManifest.xml:13:13-41
intent-filter#android.intent.action.MAIN+android.intent.category.LAUNCHER
ADDED from src\main\AndroidManifest.xml:17:13-21:29
action#android.intent.action.MAIN
ADDED from src\main\AndroidManifest.xml:18:17-69
	android:name
		ADDED from src\main\AndroidManifest.xml:18:25-66
category#android.intent.category.LAUNCHER
ADDED from src\main\AndroidManifest.xml:20:17-77
	android:name
		ADDED from src\main\AndroidManifest.xml:20:27-74
activity#com.discover.yahoohack.ResultActivity
ADDED from src\main\AndroidManifest.xml:24:9-27:20
	android:label
		ADDED from src\main\AndroidManifest.xml:25:13-36
	android:icon
		ADDED from src\main\AndroidManifest.xml:26:13-51
	android:name
		ADDED from src\main\AndroidManifest.xml:24:19-49
activity#com.discover.yahoohack.WebviewActivity
ADDED from src\main\AndroidManifest.xml:28:9-31:20
	android:label
		ADDED from src\main\AndroidManifest.xml:29:13-39
	android:icon
		ADDED from src\main\AndroidManifest.xml:30:13-51
	android:name
		ADDED from src\main\AndroidManifest.xml:28:19-50
uses-sdk
INJECTED from src\main\AndroidManifest.xml reason: use-sdk injection requested
MERGED from [com.android.support:appcompat-v7:22.2.0] AndroidManifest.xml:20:5-43
MERGED from [com.android.support:support-v4:22.2.0] AndroidManifest.xml:20:5-43
	android:targetSdkVersion
		INJECTED from src\main\AndroidManifest.xml
		INJECTED from src\main\AndroidManifest.xml
	android:minSdkVersion
		INJECTED from src\main\AndroidManifest.xml
		INJECTED from src\main\AndroidManifest.xml